Arguments: 
  /usr/local/bin/node /usr/local/bin/yarn add detenv

PATH: 
  /usr/local/bin:/usr/bin:/bin:/usr/sbin:/sbin

Yarn version: 
  1.22.10

Node version: 
  14.15.5

Platform: 
  darwin x64

Trace: 
  Error: https://registry.yarnpkg.com/detenv: Not found
      at Request.params.callback [as _callback] (/usr/local/lib/node_modules/yarn/lib/cli.js:66988:18)
      at Request.self.callback (/usr/local/lib/node_modules/yarn/lib/cli.js:140662:22)
      at Request.emit (events.js:315:20)
      at Request.<anonymous> (/usr/local/lib/node_modules/yarn/lib/cli.js:141634:10)
      at Request.emit (events.js:315:20)
      at IncomingMessage.<anonymous> (/usr/local/lib/node_modules/yarn/lib/cli.js:141556:12)
      at Object.onceWrapper (events.js:421:28)
      at IncomingMessage.emit (events.js:327:22)
      at endReadableNT (internal/streams/readable.js:1327:12)
      at processTicksAndRejections (internal/process/task_queues.js:80:21)

npm manifest: 
  {
    "name": "githubUser",
    "version": "1.0.0",
    "description": "",
    "main": "index.js",
    "scripts": {
      "test": "echo \"Error: no test specified\" && exit 1"
    },
    "keywords": [],
    "author": "",
    "license": "ISC",
    "dependencies": {
      "graphql": "^15.5.0",
      "node-fetch": "^2.6.1"
    }
  }

yarn manifest: 
  No manifest

Lockfile: 
  # THIS IS AN AUTOGENERATED FILE. DO NOT EDIT THIS FILE DIRECTLY.
  # yarn lockfile v1
  
  
  graphql@^15.5.0:
    version "15.5.0"
    resolved "https://registry.yarnpkg.com/graphql/-/graphql-15.5.0.tgz#39d19494dbe69d1ea719915b578bf920344a69d5"
    integrity sha512-OmaM7y0kaK31NKG31q4YbD2beNYa6jBBKtMFT6gLYJljHLJr42IqJ8KX08u3Li/0ifzTU5HjmoOOrwa5BRLeDA==
  
  node-fetch@^2.6.1:
    version "2.6.1"
    resolved "https://registry.yarnpkg.com/node-fetch/-/node-fetch-2.6.1.tgz#045bd323631f76ed2e2b55573394416b639a0052"
    integrity sha512-V4aYg89jEoVRxRb2fJdAg8FHvI7cEyYdVAh94HH0UIK8oJxUfkjlDQN9RbMx+bEjP7+ggMiFRprSti032Oipxw==
